0 info it worked if it ends with ok
1 verbose cli [ 'node',
1 verbose cli   '/Users/renaudbressand/.nvm/v0.10.33/bin/npm',
1 verbose cli   'start' ]
2 info using npm@3.7.2
3 info using node@v0.10.33
4 verbose run-script [ 'prestart', 'start', 'poststart' ]
5 info lifecycle rapt@1.0.0~prestart: rapt@1.0.0
6 silly lifecycle rapt@1.0.0~prestart: no script for prestart, continuing
7 info lifecycle rapt@1.0.0~start: rapt@1.0.0
8 verbose lifecycle rapt@1.0.0~start: unsafe-perm in lifecycle true
9 verbose lifecycle rapt@1.0.0~start: PATH: /Users/renaudbressand/.nvm/v0.10.33/lib/node_modules/npm/bin/node-gyp-bin:/Users/renaudbressand/Work/rapt_wap/rapt/node_modules/.bin:/Users/renaudbressand/.nvm/v0.10.33/bin:/Users/renaudbressand/.nvm/v0.10.33/bin:/opt/local/bin:/opt/local/sbin:/opt/local/bin:/opt/local/sbin:/usr/local/bin:/Library/Frameworks/Python.framework/Versions/2.7/bin:/usr/local/bin:/usr/bin:/bin:/usr/sbin:/sbin:/opt/X11/bin:/usr/local/git/bin:/Users/renaudbressand/jvm/sbt/bin:/usr/local/share/npm/bin:/Users/renaudbressand/bin:/Users/renaudbressand/.rvm/bin:/Users/renaudbressand/android-sdk/platform-tools:/Users/renaudbressand/android-sdk/tools
10 verbose lifecycle rapt@1.0.0~start: CWD: /Users/renaudbressand/Work/rapt_wap/rapt
11 silly lifecycle rapt@1.0.0~start: Args: [ '-c', 'node app/controllers/server.js' ]
12 silly lifecycle rapt@1.0.0~start: Returned: code: 8  signal: null
13 info lifecycle rapt@1.0.0~start: Failed to exec start script
14 verbose stack Error: rapt@1.0.0 start: `node app/controllers/server.js`
14 verbose stack Exit status 8
14 verbose stack     at EventEmitter.<anonymous> (/Users/renaudbressand/.nvm/v0.10.33/lib/node_modules/npm/lib/utils/lifecycle.js:239:16)
14 verbose stack     at EventEmitter.emit (events.js:98:17)
14 verbose stack     at ChildProcess.<anonymous> (/Users/renaudbressand/.nvm/v0.10.33/lib/node_modules/npm/lib/utils/spawn.js:24:14)
14 verbose stack     at ChildProcess.emit (events.js:98:17)
14 verbose stack     at maybeClose (child_process.js:756:16)
14 verbose stack     at Process.ChildProcess._handle.onexit (child_process.js:823:5)
15 verbose pkgid rapt@1.0.0
16 verbose cwd /Users/renaudbressand/Work/rapt_wap/rapt
17 error Darwin 14.5.0
18 error argv "node" "/Users/renaudbressand/.nvm/v0.10.33/bin/npm" "start"
19 error node v0.10.33
20 error npm  v3.7.2
21 error code ELIFECYCLE
22 error rapt@1.0.0 start: `node app/controllers/server.js`
22 error Exit status 8
23 error Failed at the rapt@1.0.0 start script 'node app/controllers/server.js'.
23 error Make sure you have the latest version of node.js and npm installed.
23 error If you do, this is most likely a problem with the rapt package,
23 error not with npm itself.
23 error Tell the author that this fails on your system:
23 error     node app/controllers/server.js
23 error You can get information on how to open an issue for this project with:
23 error     npm bugs rapt
23 error Or if that isn't available, you can get their info via:
23 error     npm owner ls rapt
23 error There is likely additional logging output above.
24 verbose exit [ 1, true ]
